<?xml version="1.0" encoding="UTF-8"?>
<testsuite xmlns:xsi="http://www.w3.org/2001/XMLSchema-instance" xsi:noNamespaceSchemaLocation="https://maven.apache.org/surefire/maven-surefire-plugin/xsd/surefire-test-report.xsd" name="com.indra.product.test.automation.client.main.ExecuteTest" time="48.088" tests="8" errors="0" skipped="0" failures="0">
  <properties>
[...]
</properties>
  <testcase name="Given Internet" classname="Scenario: Pesquisa Simples" time="0.001"/>
  <testcase name="When Abre o Google" classname="Scenario: Pesquisa Simples" time="0"/>
  <testcase name="Then Pagina carrega." classname="Scenario: Pesquisa Simples" time="0"/>
  <testcase name="When Realizar Pesquisa" classname="Scenario: Pesquisa Simples" time="0"/>
  <testcase name="Then Campo preenchido com texto" classname="Scenario: Pesquisa Simples" time="0"/>
  <testcase name="When Busca e realizada" classname="Scenario: Pesquisa Simples" time="0"/>
  <testcase name="Then Pagina carrega trazendo resultado" classname="Scenario: Pesquisa Simples" time="0"/>
  <testcase name="Scenario: Pesquisa Simples" classname="Scenario: Pesquisa Simples" time="2.279"/>
</testsuite>